2019-02-01 11:26:04,579 - WARNING - Pressed: 
2019-02-01 11:27:20,689 - WARNING - Pressed: v
2019-02-01 11:27:20,936 - WARNING - Pressed: v
2019-02-01 11:27:21,103 - WARNING - Pressed: v
2019-02-01 11:27:21,296 - WARNING - Pressed: v
2019-02-01 11:27:23,957 - WARNING - Pressed: Control_L
2019-02-01 11:27:27,070 - WARNING - Pressed: Control_L
2019-02-01 11:27:27,304 - WARNING - Pressed: c
2019-02-01 11:27:28,193 - WARNING - Pressed: Control_L
2019-02-01 11:27:28,329 - WARNING - Pressed: c
2019-02-01 11:27:29,012 - WARNING - Pressed: Control_L
2019-02-01 11:27:29,120 - WARNING - Pressed: c
2019-02-01 11:27:29,635 - WARNING - Pressed: c
2019-02-01 11:27:30,205 - WARNING - Pressed: c
2019-02-01 11:27:30,893 - WARNING - Pressed: c
2019-02-01 11:27:31,069 - WARNING - Pressed: c
2019-02-01 11:27:32,389 - WARNING - Pressed: Shift_L
2019-02-01 11:27:32,390 - WARNING - Pressed: Alt_L
2019-02-01 11:27:33,769 - WARNING - Pressed: ntilde
2019-02-01 11:27:34,546 - WARNING - Pressed: ntilde
2019-02-01 11:27:35,087 - WARNING - Pressed: Control_L
2019-02-01 11:27:35,358 - WARNING - Pressed: ntilde
